🚀 Starting AC Heating content migration...

📥 Step 1: Fetching sitemap...
✓ Found 649 URLs

📋 Step 2: Categorizing content...
  Blog posts: 358
  Products: 28
  Static pages: 7

📝 Step 3: Migrating blog posts...

[1/358] Processing: /-rozhodli-jsme-se-spravne-konstatuje-predseda-svj-ing-josef-vales-po-zkusenostech-s-tepelnym-cerpadlem-v-kombinaci-s-fotovoltaickou-elektrarnou/
  Scraping: /-rozhodli-jsme-se-spravne-konstatuje-predseda-svj-ing-josef-vales-po-zkusenostech-s-tepelnym-cerpadlem-v-kombinaci-s-fotovoltaickou-elektrarnou/
  ⚠ Already exists, skipping

[2/358] Processing: /5-kroku-k-vlastni-kotelne-s-tepelnymi-cerpadly/
  Scraping: /5-kroku-k-vlastni-kotelne-s-tepelnymi-cerpadly/
  ⚠ Already exists, skipping

[3/358] Processing: /5-nejcastejsich-mytu-o-tepelnych-cerpadlech/
  Scraping: /5-nejcastejsich-mytu-o-tepelnych-cerpadlech/
  ⚠ Already exists, skipping

[4/358] Processing: /ac-connectivity-kdyz-chcete-neco-vic/
  Scraping: /ac-connectivity-kdyz-chcete-neco-vic/
  ⚠ Already exists, skipping

[5/358] Processing: /ac-heating-a-doba-rouskova/
  Scraping: /ac-heating-a-doba-rouskova/
  ⚠ Already exists, skipping

[6/358] Processing: /ac-heating-a-rodinna-firma-roku-2020/
  Scraping: /ac-heating-a-rodinna-firma-roku-2020/
  ⚠ Already exists, skipping

[7/358] Processing: /ac-heating-na-for-arch-2025/
  Scraping: /ac-heating-na-for-arch-2025/
  ⚠ Already exists, skipping

[8/358] Processing: /ac-heating-tepelna-cerpadla-nabidka-pracovniho-mista/
  Scraping: /ac-heating-tepelna-cerpadla-nabidka-pracovniho-mista/
  ⚠ Already exists, skipping

[9/358] Processing: /ac-heating-v-bruselu/
  Scraping: /ac-heating-v-bruselu/
  ⚠ Already exists, skipping

[10/358] Processing: /ac-heating-vystavy-a-veletrhy-2019/
  Scraping: /ac-heating-vystavy-a-veletrhy-2019/
  ⚠ Already exists, skipping

[11/358] Processing: /ac-heating-ziskalo-dalsi-prestizni-oceneni-red-dot-award-2025-/
  Scraping: /ac-heating-ziskalo-dalsi-prestizni-oceneni-red-dot-award-2025-/
  ⚠ Already exists, skipping

[12/358] Processing: /ac-heating-ziskalo-prestizni-german-design-award-2025-/
  Scraping: /ac-heating-ziskalo-prestizni-german-design-award-2025-/
  ⚠ Already exists, skipping

[13/358] Processing: /aktuality-z-kotlikovych-dotaci/
  Scraping: /aktuality-z-kotlikovych-dotaci/
  ⚠ Already exists, skipping

[14/358] Processing: /aktualni-stav-dotaci-na-tepelne-cerpadlo/
  Scraping: /aktualni-stav-dotaci-na-tepelne-cerpadlo/
  ⚠ Already exists, skipping

[15/358] Processing: /aktualni-vyzvy-kotlikove-dotace-podzim-2018/
  Scraping: /aktualni-vyzvy-kotlikove-dotace-podzim-2018/
  ⚠ Already exists, skipping

[16/358] Processing: /brezen-v-plnem-proudu-na-jake-akce-se-muzete-tesit-/
  Scraping: /brezen-v-plnem-proudu-na-jake-akce-se-muzete-tesit-/
  ⚠ Already exists, skipping

[17/358] Processing: /bude-venku-klendra-nebo-parak-/
  Scraping: /bude-venku-klendra-nebo-parak-/
  ⚠ Already exists, skipping

[18/358] Processing: /budeme-soucasti-karierniho-jarmarku-v-plzni/
  Scraping: /budeme-soucasti-karierniho-jarmarku-v-plzni/
  ⚠ Already exists, skipping

[19/358] Processing: /budeme-tam-veletrh-for-pasiv-2023/
  Scraping: /budeme-tam-veletrh-for-pasiv-2023/
  ⚠ Already exists, skipping

[20/358] Processing: /bytove-domy-jak-se-branit-proti-rostouci-cene-tepla-/
  Scraping: /bytove-domy-jak-se-branit-proti-rostouci-cene-tepla-/
  ⚠ Already exists, skipping

[21/358] Processing: /bytove-domy-vyber-vhodneho-tepelneho-cerpadla-a-dodavatele/
  Scraping: /bytove-domy-vyber-vhodneho-tepelneho-cerpadla-a-dodavatele/
  ⚠ Already exists, skipping

[22/358] Processing: /bytovy-dum-je-vytapen-tepelnymi-cerpadly/
  Scraping: /bytovy-dum-je-vytapen-tepelnymi-cerpadly/
  ⚠ Already exists, skipping

[23/358] Processing: /cena-tepelneho-cerpadla/
  Scraping: /cena-tepelneho-cerpadla/
  ⚠ Already exists, skipping

[24/358] Processing: /co-je-tepelne-cerpadlo-/
  Scraping: /co-je-tepelne-cerpadlo-/
  ⚠ Already exists, skipping

[25/358] Processing: /co-potrebujete-vedet-o-hlucnosti-tepelnych-cerpadel/
  Scraping: /co-potrebujete-vedet-o-hlucnosti-tepelnych-cerpadel/
  ⚠ Already exists, skipping

[26/358] Processing: /dalsi-dil-poradu-rady-ptaka-loskutaka/
  Scraping: /dalsi-dil-poradu-rady-ptaka-loskutaka/
  ⚠ Already exists, skipping

[27/358] Processing: /dalsi-prohlidkovy-den-na-panelovem-dome-s-tepelnymi-cerpadly/
  Scraping: /dalsi-prohlidkovy-den-na-panelovem-dome-s-tepelnymi-cerpadly/
  ⚠ Already exists, skipping

[28/358] Processing: /dalsi-vlna-kotlikovych-dotaci-na-obzoru/
  Scraping: /dalsi-vlna-kotlikovych-dotaci-na-obzoru/
  ⚠ Already exists, skipping

[29/358] Processing: /dekujeme-za-navstevu-naseho-stanku-na-veletrhu-forarch-2018/
  Scraping: /dekujeme-za-navstevu-naseho-stanku-na-veletrhu-forarch-2018/
  ⚠ Already exists, skipping

[30/358] Processing: /dekujeme-za-vasi-navstevu-na-veletrhu-forarch/
  Scraping: /dekujeme-za-vasi-navstevu-na-veletrhu-forarch/
  ⚠ Already exists, skipping

[31/358] Processing: /dekujeme-za-vasi-navstevu-na-veletrhu-moderni-vytapeni-2018/
  Scraping: /dekujeme-za-vasi-navstevu-na-veletrhu-moderni-vytapeni-2018/
  ⚠ Already exists, skipping

[32/358] Processing: /demo-ovladani/
  Scraping: /demo-ovladani/
  ⚠ Already exists, skipping

[33/358] Processing: /den-otevrenych-dveri-na-bytovem-dome-v-brne/
  Scraping: /den-otevrenych-dveri-na-bytovem-dome-v-brne/
  ⚠ Already exists, skipping

[34/358] Processing: /den-otevrenych-dveri-na-bytovem-dome-v-praze/
  Scraping: /den-otevrenych-dveri-na-bytovem-dome-v-praze/
  ⚠ Already exists, skipping

[35/358] Processing: /den-otevrenych-dveri-v-ac-heating/
  Scraping: /den-otevrenych-dveri-v-ac-heating/
  ⚠ Already exists, skipping

[36/358] Processing: /desatero-pro-tepelna-cerpadla/
  Scraping: /desatero-pro-tepelna-cerpadla/
  ⚠ Already exists, skipping

[37/358] Processing: /dodani-a-montaz-tepelneho-cerpadla/
  Scraping: /dodani-a-montaz-tepelneho-cerpadla/
  ⚠ Already exists, skipping

[38/358] Processing: /doplnkova-vyzva-kotlikove-dotace-v-jihoceskem-kraji/
  Scraping: /doplnkova-vyzva-kotlikove-dotace-v-jihoceskem-kraji/
  ⚠ Already exists, skipping

[39/358] Processing: /doporuceni-pro-vyber-tepelneho-cerpadla/
  Scraping: /doporuceni-pro-vyber-tepelneho-cerpadla/
  ⚠ Already exists, skipping

[40/358] Processing: /doporucte-ac-heating-a-ziskejte-odmenu/
  Scraping: /doporucte-ac-heating-a-ziskejte-odmenu/
  ⚠ Already exists, skipping

[41/358] Processing: /dosluhuje-mi-tepelne-cerpadlo/
  Scraping: /dosluhuje-mi-tepelne-cerpadlo/
  ⚠ Already exists, skipping

[42/358] Processing: /dotace/
  Scraping: /dotace/
  ⚠ Already exists, skipping

[43/358] Processing: /dotace-aktualni-informace-z-vaseho-kraje/
  Scraping: /dotace-aktualni-informace-z-vaseho-kraje/
  ⚠ Already exists, skipping

[44/358] Processing: /dotace-nova-zelena-usporam-light-jak-usetrit-na-vytapeni-s-pomoci-statu/
  Scraping: /dotace-nova-zelena-usporam-light-jak-usetrit-na-vytapeni-s-pomoci-statu/
  ⚠ Already exists, skipping

[45/358] Processing: /dotace-nzu-se-bude-menit/
  Scraping: /dotace-nzu-se-bude-menit/
  ⚠ Already exists, skipping

[46/358] Processing: /dotaci-lze-cerpat-na-tepelne-cerpadlo-i-pri-zachovani-plynoveho-kotle-jako-sekundarniho-zdroje/
  Scraping: /dotaci-lze-cerpat-na-tepelne-cerpadlo-i-pri-zachovani-plynoveho-kotle-jako-sekundarniho-zdroje/
  ⚠ Already exists, skipping

[47/358] Processing: /druhy-tepelnych-cerpadel-jaky-typ-je-pro-vas-nejvhodnejsi/
  Scraping: /druhy-tepelnych-cerpadel-jaky-typ-je-pro-vas-nejvhodnejsi/
  ⚠ Already exists, skipping

[48/358] Processing: /duben-mesic-plny-akci/
  Scraping: /duben-mesic-plny-akci/
  ⚠ Already exists, skipping

[49/358] Processing: /dulezita-zmena-pro-majitele-fotovoltaiky-od-1-7-2025/
  Scraping: /dulezita-zmena-pro-majitele-fotovoltaiky-od-1-7-2025/
  ⚠ Already exists, skipping

[50/358] Processing: /ekonomika-fotovoltaickych-elektraren/
  Scraping: /ekonomika-fotovoltaickych-elektraren/
  ⚠ Already exists, skipping

[51/358] Processing: /elektrina-plyn-teplo-vsechno-zdrazuje-/
  Scraping: /elektrina-plyn-teplo-vsechno-zdrazuje-/
  ⚠ Already exists, skipping

[52/358] Processing: /elektrokotel-se-nevyplati/
  Scraping: /elektrokotel-se-nevyplati/
  ⚠ Already exists, skipping

[53/358] Processing: /elektrokotel-se-nevyplati-b/
  Scraping: /elektrokotel-se-nevyplati-b/
  ⚠ Already exists, skipping

[54/358] Processing: /energeticka-reseni/
  Scraping: /energeticka-reseni/
  ⚠ Already exists, skipping

[55/358] Processing: /exkurze-nadanych-studentu-z-gimnazii-plzenskeho-kraje/
  Scraping: /exkurze-nadanych-studentu-z-gimnazii-plzenskeho-kraje/
  ⚠ Already exists, skipping

[56/358] Processing: /exkurze-sps-a-vos-volyne/
  Scraping: /exkurze-sps-a-vos-volyne/
  ⚠ Already exists, skipping

[57/358] Processing: /firma-roku-2016-plzenskeho-kraje/
  Scraping: /firma-roku-2016-plzenskeho-kraje/
  ⚠ Already exists, skipping

[58/358] Processing: /forarch-2021/
  Scraping: /forarch-2021/
  ⚠ Already exists, skipping

[59/358] Processing: /fotovoltaicke-elektrarny-pro-obce/
  Scraping: /fotovoltaicke-elektrarny-pro-obce/
  ⚠ Already exists, skipping

[60/358] Processing: /fotovoltaika/
  Scraping: /fotovoltaika/
  ⚠ Already exists, skipping

[61/358] Processing: /fotovoltaika-pro-bytove-domy/
  Scraping: /fotovoltaika-pro-bytove-domy/
  ⚠ Already exists, skipping

[62/358] Processing: /fotovoltaika-pro-rodinne-domy/
  Scraping: /fotovoltaika-pro-rodinne-domy/
  ⚠ Already exists, skipping

[63/358] Processing: /hledame-partnery-pro-prodej-a-montaz-tepelnych-cerpadel/
  Scraping: /hledame-partnery-pro-prodej-a-montaz-tepelnych-cerpadel/
  ⚠ Already exists, skipping

[64/358] Processing: /hledame-posilu-do-naseho-tymu/
  Scraping: /hledame-posilu-do-naseho-tymu/
  ⚠ Already exists, skipping

[65/358] Processing: /home/
  Scraping: /home/
  ⚠ Already exists, skipping

[66/358] Processing: /chcete-letos-topit-a-chladit-v-jednom-/
  Scraping: /chcete-letos-topit-a-chladit-v-jednom-/
  ⚠ Already exists, skipping

[67/358] Processing: /chcete-se-odpojit-od-teplarny-/
  Scraping: /chcete-se-odpojit-od-teplarny-/
  ⚠ Already exists, skipping

[68/358] Processing: /chladivo-r290-proc-je-hitem-pro-moderni-tepelna-cerpadla-/
  Scraping: /chladivo-r290-proc-je-hitem-pro-moderni-tepelna-cerpadla-/
  ⚠ Already exists, skipping

[69/358] Processing: /chlazeni-domu-a-tepelne-cerpadlo/
  Scraping: /chlazeni-domu-a-tepelne-cerpadlo/
  ⚠ Already exists, skipping

[70/358] Processing: /chlazeni-rodinneho-domu-tepelnym-cerpadlem/
  Scraping: /chlazeni-rodinneho-domu-tepelnym-cerpadlem/
  ⚠ Already exists, skipping

[71/358] Processing: /i-starsi-dum-si-zaslouzi-nove-tepelne-cerpadlo/
  Scraping: /i-starsi-dum-si-zaslouzi-nove-tepelne-cerpadlo/
  ⚠ Already exists, skipping

[72/358] Processing: /infotherma-2022-online-doprovodny-program/
  Scraping: /infotherma-2022-online-doprovodny-program/
  ⚠ Already exists, skipping

[73/358] Processing: /jak-co-nejdrive-setrit-v-dobe-covidove-quot-/
  Scraping: /jak-co-nejdrive-setrit-v-dobe-covidove-quot-/
  ⚠ Already exists, skipping

[74/358] Processing: /jak-funguje-tepelne-cerpadlo-vzduch-voda/
  Scraping: /jak-funguje-tepelne-cerpadlo-vzduch-voda/
  ⚠ Already exists, skipping

[75/358] Processing: /jak-funguji-dotace-v-jihoceskem-kraji/
  Scraping: /jak-funguji-dotace-v-jihoceskem-kraji/
  ⚠ Already exists, skipping

[76/358] Processing: /jak-funguji-kotlikove-dotace-pro-kraj-vysocina/
  Scraping: /jak-funguji-kotlikove-dotace-pro-kraj-vysocina/
  ⚠ Already exists, skipping

[77/358] Processing: /jak-instalujeme-tepelne-cerpadlo-do-novostavby/
  Scraping: /jak-instalujeme-tepelne-cerpadlo-do-novostavby/
  ⚠ Already exists, skipping

[78/358] Processing: /jak-instalujeme-tepelne-cerpadlo-do-starsiho-domu/
  Scraping: /jak-instalujeme-tepelne-cerpadlo-do-starsiho-domu/
  ⚠ Already exists, skipping

[79/358] Processing: /jak-na-horke-leto-chlazeni-s-tepelnym-cerpadlem/
  Scraping: /jak-na-horke-leto-chlazeni-s-tepelnym-cerpadlem/
  ⚠ Already exists, skipping

[80/358] Processing: /jak-na-udrzbu-tepelneho-cerpadla-a-je-vubec-nejaka-potreba-/
  Scraping: /jak-na-udrzbu-tepelneho-cerpadla-a-je-vubec-nejaka-potreba-/
  ⚠ Already exists, skipping

[81/358] Processing: /jak-na-umisteni-venkovni-jednotky-tepelneho-cerpadla-rady-tipy-legislativa/
  Scraping: /jak-na-umisteni-venkovni-jednotky-tepelneho-cerpadla-rady-tipy-legislativa/
  ⚠ Already exists, skipping

[82/358] Processing: /jak-na-zadost-a-vyrizeni-dotace-nova-zelena-usporam/
  Scraping: /jak-na-zadost-a-vyrizeni-dotace-nova-zelena-usporam/
  ⚠ Already exists, skipping

[83/358] Processing: /jak-na-zapojeni-tepelneho-cerpadla/
  Scraping: /jak-na-zapojeni-tepelneho-cerpadla/
  ⚠ Already exists, skipping

[84/358] Processing: /jak-postupovat-kdyz-bylo-vase-tepelne-cerpadlo-zasazeno-zaplavami-/
  Scraping: /jak-postupovat-kdyz-bylo-vase-tepelne-cerpadlo-zasazeno-zaplavami-/
  ⚠ Already exists, skipping

[85/358] Processing: /jak-pracuje-tepelne-cerpadlo-na-starsim-dome/
  Scraping: /jak-pracuje-tepelne-cerpadlo-na-starsim-dome/
  ⚠ Already exists, skipping

[86/358] Processing: /jak-se-vyhnout-letnim-odstavkam-tuv-pori-te-si-do-panelaku-tepelne-cerpadlo-/
  Scraping: /jak-se-vyhnout-letnim-odstavkam-tuv-pori-te-si-do-panelaku-tepelne-cerpadlo-/
  ⚠ Already exists, skipping

[87/358] Processing: /jak-se-vyznat-v-nabidkach-na-tepelna-cerpadla-cast-i/
  Scraping: /jak-se-vyznat-v-nabidkach-na-tepelna-cerpadla-cast-i/
  ⚠ Already exists, skipping

[88/358] Processing: /jak-se-vyznat-v-nabidkach-na-tepelna-cerpadla-cast-ii/
  Scraping: /jak-se-vyznat-v-nabidkach-na-tepelna-cerpadla-cast-ii/
  ⚠ Already exists, skipping

[89/358] Processing: /jak-se-zije-v-novostavbe-s-tepelnym-cerpadlem/
  Scraping: /jak-se-zije-v-novostavbe-s-tepelnym-cerpadlem/
  ⚠ Already exists, skipping

[90/358] Processing: /jak-spolupracuje-tepelne-cerpadlo-s-fve-/
  Scraping: /jak-spolupracuje-tepelne-cerpadlo-s-fve-/
  ⚠ Already exists, skipping

[91/358] Processing: /jak-spravne-topit-a-vetra-v-bytovem-dome-s-tepelnymi-cerpadly-/
  Scraping: /jak-spravne-topit-a-vetra-v-bytovem-dome-s-tepelnymi-cerpadly-/
  ⚠ Already exists, skipping

[92/358] Processing: /jak-spravne-topit-tepelnym-cerpadlem/
  Scraping: /jak-spravne-topit-tepelnym-cerpadlem/
  ⚠ Already exists, skipping

[93/358] Processing: /jak-to-bude-s-kotlikovou-dotaci-v-roce-2020-/
  Scraping: /jak-to-bude-s-kotlikovou-dotaci-v-roce-2020-/
  ⚠ Already exists, skipping

[94/358] Processing: /jak-to-udelat-abych-zacal-topit-tepelnym-cerpadlem-/
  Scraping: /jak-to-udelat-abych-zacal-topit-tepelnym-cerpadlem-/
  ⚠ Already exists, skipping

[95/358] Processing: /jak-topit-efektivneji/
  Scraping: /jak-topit-efektivneji/
  ⚠ Already exists, skipping

[96/358] Processing: /jak-umistit-tepelne-cerpadlo-v-bytovce-nejlepe-na-strechu-domu-/
  Scraping: /jak-umistit-tepelne-cerpadlo-v-bytovce-nejlepe-na-strechu-domu-/
  ⚠ Already exists, skipping

[97/358] Processing: /jak-usetrit-v-panelovem-dome-/
  Scraping: /jak-usetrit-v-panelovem-dome-/
  ⚠ Already exists, skipping

[98/358] Processing: /jak-vlastne-pracuje-tepelne-cerpadlo-/
  Scraping: /jak-vlastne-pracuje-tepelne-cerpadlo-/
  ⚠ Already exists, skipping

[99/358] Processing: /jak-zacit-s-vyberem-tepelneho-cerpadla/
  Scraping: /jak-zacit-s-vyberem-tepelneho-cerpadla/
  ⚠ Already exists, skipping

[100/358] Processing: /jak-ziskat-v-roce-2024-dotaci-na-tepelne-cerpadlo/
  Scraping: /jak-ziskat-v-roce-2024-dotaci-na-tepelne-cerpadlo/
  ⚠ Already exists, skipping

[101/358] Processing: /jak-zmenit-zpusob-vytapeni-bytoveho-domu/
  Scraping: /jak-zmenit-zpusob-vytapeni-bytoveho-domu/
  ⚠ Already exists, skipping

[102/358] Processing: /jaka-je-zivotnost-tepelneho-cerpadla-/
  Scraping: /jaka-je-zivotnost-tepelneho-cerpadla-/
  ⚠ Already exists, skipping

[103/358] Processing: /jake-jsou-druhy-tepelnych-cerpadel-/
  Scraping: /jake-jsou-druhy-tepelnych-cerpadel-/
  ⚠ Already exists, skipping

[104/358] Processing: /jake-jsou-moznosti-vytapeni-rodinneho-domu/
  Scraping: /jake-jsou-moznosti-vytapeni-rodinneho-domu/
  ⚠ Already exists, skipping

[105/358] Processing: /jake-jsou-naklady-na-vytapeni-a-provoz-rodinneho-domu-srovnani/
  Scraping: /jake-jsou-naklady-na-vytapeni-a-provoz-rodinneho-domu-srovnani/
  ⚠ Already exists, skipping

[106/358] Processing: /jake-jsou-vyhody-a-nevyhody-vytapeni-domu-tepelnym-cerpadlem/
  Scraping: /jake-jsou-vyhody-a-nevyhody-vytapeni-domu-tepelnym-cerpadlem/
  ⚠ Already exists, skipping

[107/358] Processing: /jarni-prohlidkove-dny/
  Scraping: /jarni-prohlidkove-dny/
  ⚠ Already exists, skipping

[108/358] Processing: /jarni-skoleni-topenaru-v-letkove/
  Scraping: /jarni-skoleni-topenaru-v-letkove/
  ⚠ Already exists, skipping

[109/358] Processing: /jarni-skoleni-v-ac-heating/
  Scraping: /jarni-skoleni-v-ac-heating/
  ⚠ Already exists, skipping

[110/358] Processing: /jaro-je-idealni-cas-na-montaz-tepelneho-cerpadla/
  Scraping: /jaro-je-idealni-cas-na-montaz-tepelneho-cerpadla/
  ⚠ Already exists, skipping

[111/358] Processing: /je-mozne-v-panelaku-usetrit-za-teplo-/
  Scraping: /je-mozne-v-panelaku-usetrit-za-teplo-/
  ⚠ Already exists, skipping

[112/358] Processing: /je-tepelne-cerpadlo-vhodne-pouze-pro-podlahove-vytapeni-/
  Scraping: /je-tepelne-cerpadlo-vhodne-pouze-pro-podlahove-vytapeni-/
  ⚠ Already exists, skipping

[113/358] Processing: /jedeme-za-vami/
  Scraping: /jedeme-za-vami/
  ⚠ Already exists, skipping

[114/358] Processing: /jedeme-za-vami-/
  Scraping: /jedeme-za-vami-/
  ⚠ Already exists, skipping

[115/358] Processing: /jeste-ekonomictejsi-a-ekologictejsi-tepelne-cerpadlo/
  Scraping: /jeste-ekonomictejsi-a-ekologictejsi-tepelne-cerpadlo/
  ⚠ Already exists, skipping

[116/358] Processing: /kariera/
  Scraping: /kariera/
  ⚠ Already exists, skipping

[117/358] Processing: /kdy-se-vyber-tepelneho-cerpadla-vyplati-/
  Scraping: /kdy-se-vyber-tepelneho-cerpadla-vyplati-/
  ⚠ Already exists, skipping

[118/358] Processing: /ke-stazeni/
  Scraping: /ke-stazeni/
  ⚠ Already exists, skipping

[119/358] Processing: /kolik-rocne-usetrite-s-tepelnym-cerpadlem/
  Scraping: /kolik-rocne-usetrite-s-tepelnym-cerpadlem/
  ⚠ Already exists, skipping

[120/358] Processing: /kolik-stoji-teplo-s-vlastni-kotelnou-s-tepelnymi-cerpadly-/
  Scraping: /kolik-stoji-teplo-s-vlastni-kotelnou-s-tepelnymi-cerpadly-/
  ⚠ Already exists, skipping

[121/358] Processing: /kompresor-srdce-tepelneho-cerpadla/
  Scraping: /kompresor-srdce-tepelneho-cerpadla/
  ⚠ Already exists, skipping

[122/358] Processing: /kotlikova-dotace-2019-jiz-ma-terminy/
  Scraping: /kotlikova-dotace-2019-jiz-ma-terminy/
  ⚠ Already exists, skipping

[123/358] Processing: /kotlikova-dotace-v-krajich/
  Scraping: /kotlikova-dotace-v-krajich/
  ⚠ Already exists, skipping

[124/358] Processing: /kotlikova-dotace-ve-stredoceskem-kraji-vyuzijte-program-nova-zelena-usporam/
  Scraping: /kotlikova-dotace-ve-stredoceskem-kraji-vyuzijte-program-nova-zelena-usporam/
  ⚠ Already exists, skipping

[125/358] Processing: /kotlikove-dotace-aktuality/
  Scraping: /kotlikove-dotace-aktuality/
  ⚠ Already exists, skipping

[126/358] Processing: /kotlikove-dotace-aktuality-z-kraju/
  Scraping: /kotlikove-dotace-aktuality-z-kraju/
  ⚠ Already exists, skipping

[127/358] Processing: /kotlikove-dotace-budou-pokracovat-do-zakazu-provozu-starych-kotlu-v-roce-2022-/
  Scraping: /kotlikove-dotace-budou-pokracovat-do-zakazu-provozu-starych-kotlu-v-roce-2022-/
  ⚠ Already exists, skipping

[128/358] Processing: /kotlikove-dotace-jaro-2018/
  Scraping: /kotlikove-dotace-jaro-2018/
  ⚠ Already exists, skipping

[129/358] Processing: /kotlikove-dotace-pokracuji-i-v-roce-2018/
  Scraping: /kotlikove-dotace-pokracuji-i-v-roce-2018/
  ⚠ Already exists, skipping

[130/358] Processing: /kotlikove-dotace-pro-rok-2023/
  Scraping: /kotlikove-dotace-pro-rok-2023/
  ⚠ Already exists, skipping

[131/358] Processing: /kotlikove-dotace-se-opet-rozbihaji/
  Scraping: /kotlikove-dotace-se-opet-rozbihaji/
  ⚠ Already exists, skipping

[132/358] Processing: /kotlikove-dotace-stale-bezi/
  Scraping: /kotlikove-dotace-stale-bezi/
  ⚠ Already exists, skipping

[133/358] Processing: /kotlikove-dotace-v-roce-2019/
  Scraping: /kotlikove-dotace-v-roce-2019/
  ⚠ Already exists, skipping

[134/358] Processing: /kotlikovka-je-v-plnem-proudu/
  Scraping: /kotlikovka-je-v-plnem-proudu/
  ⚠ Already exists, skipping

[135/358] Processing: /kotlikovka-jede-/
  Scraping: /kotlikovka-jede-/
  ⚠ Already exists, skipping

[136/358] Processing: /kotlikvka-v-kralovehradeckem-kraji-bezi/
  Scraping: /kotlikvka-v-kralovehradeckem-kraji-bezi/
  ⚠ Already exists, skipping

[137/358] Processing: /kraje-jiz-maji-pripravene-kotlikove-dotace/
  Scraping: /kraje-jiz-maji-pripravene-kotlikove-dotace/
  ⚠ Already exists, skipping

[138/358] Processing: /kraje-pripravuji-dalsi-vlnu-kotlikovych-dotaci/
  Scraping: /kraje-pripravuji-dalsi-vlnu-kotlikovych-dotaci/
  ⚠ Already exists, skipping

[139/358] Processing: /kralovehradecky-kraj-pripravuje-dalsi-vlnu-dotaci/
  Scraping: /kralovehradecky-kraj-pripravuje-dalsi-vlnu-dotaci/
  ⚠ Already exists, skipping

[140/358] Processing: /kveten-akci-cas/
  Scraping: /kveten-akci-cas/
  ⚠ Already exists, skipping

[141/358] Processing: /leden-2017-jeden-z-nejchladnejsich-lednu-za-poslednich-56-let/
  Scraping: /leden-2017-jeden-z-nejchladnejsich-lednu-za-poslednich-56-let/
  ⚠ Already exists, skipping

[142/358] Processing: /leto-je-idealni-cas-na-montaz-tepelneho-cerpadla/
  Scraping: /leto-je-idealni-cas-na-montaz-tepelneho-cerpadla/
  ⚠ Already exists, skipping

[143/358] Processing: /leto-je-idealni-cas-na-zmenu-vytapeni/
  Scraping: /leto-je-idealni-cas-na-zmenu-vytapeni/
  ⚠ Already exists, skipping

[144/358] Processing: /levne-teplo-a-montaz-tepelneho-cerpadla-jeste-letos/
  Scraping: /levne-teplo-a-montaz-tepelneho-cerpadla-jeste-letos/
  ⚠ Already exists, skipping

[145/358] Processing: /levnejsi-elekrina-pro-domy-s-tepelnymi-cerpadly/
  Scraping: /levnejsi-elekrina-pro-domy-s-tepelnymi-cerpadly/
  ⚠ Already exists, skipping

[146/358] Processing: /limitovana-akce-na-fotovoltaickou-elektrarnu/
  Scraping: /limitovana-akce-na-fotovoltaickou-elektrarnu/
  ⚠ Already exists, skipping

[147/358] Processing: /mam-fotovoltaiku-bez-tepelneho-cerpadla/
  Scraping: /mam-fotovoltaiku-bez-tepelneho-cerpadla/
  ⚠ Already exists, skipping

[148/358] Processing: /mam-fotovoltaiku-bez-tepelneho-cerpadla-b/
  Scraping: /mam-fotovoltaiku-bez-tepelneho-cerpadla-b/
  ⚠ Already exists, skipping

[149/358] Processing: /mam-stary-kotel-na-tuha-paliva/
  Scraping: /mam-stary-kotel-na-tuha-paliva/
  ⚠ Already exists, skipping

[150/358] Processing: /mate-stary-kotel-s-zadosti-o-dotaci-nevahejte-budou-nizsi-/
  Scraping: /mate-stary-kotel-s-zadosti-o-dotaci-nevahejte-budou-nizsi-/
  ⚠ Already exists, skipping

[151/358] Processing: /mechanik/
  Scraping: /mechanik/
  ⚠ Already exists, skipping

[152/358] Processing: /mereni-ucinnosti-tepelnych-cerpadel-ac-heating/
  Scraping: /mereni-ucinnosti-tepelnych-cerpadel-ac-heating/
  ⚠ Already exists, skipping

[153/358] Processing: /ministerstvo-spousti-druhou-vlnu-kotlikovych-dotaci/
  Scraping: /ministerstvo-spousti-druhou-vlnu-kotlikovych-dotaci/
  ⚠ Already exists, skipping

[154/358] Processing: /mistr-vyroby/
  Scraping: /mistr-vyroby/
  ⚠ Already exists, skipping

[155/358] Processing: /moje-situace/
  Scraping: /moje-situace/
  ⚠ Already exists, skipping

[156/358] Processing: /montaz-tepelneho-cerpadla-s-bonusem/
  Scraping: /montaz-tepelneho-cerpadla-s-bonusem/
  ⚠ Already exists, skipping

[157/358] Processing: /montaze-tepelneho-cerpadla-v-zime/
  Scraping: /montaze-tepelneho-cerpadla-v-zime/
  ⚠ Already exists, skipping

[158/358] Processing: /montaze-tepelnych-cerpadel/
  Scraping: /montaze-tepelnych-cerpadel/
  ⚠ Already exists, skipping

[159/358] Processing: /moznosti-dotace-a-tepelne-cerpadlo/
  Scraping: /moznosti-dotace-a-tepelne-cerpadlo/
  ⚠ Already exists, skipping

[160/358] Processing: /na-co-se-zamerit-pri-vyberu-tepelneho-cerpadla-/
  Scraping: /na-co-se-zamerit-pri-vyberu-tepelneho-cerpadla-/
  ⚠ Already exists, skipping

[161/358] Processing: /na-co-se-zeptat-kdyz-vybirate-tepelne-cerpadlo/
  Scraping: /na-co-se-zeptat-kdyz-vybirate-tepelne-cerpadlo/
  ⚠ Already exists, skipping

[162/358] Processing: /namontujeme-vam-tepelne-cerpadlo/
  Scraping: /namontujeme-vam-tepelne-cerpadlo/
  ⚠ Already exists, skipping

[163/358] Processing: /napsali-o-nas/
  Scraping: /napsali-o-nas/
  ⚠ Already exists, skipping

[164/358] Processing: /nase-regulace-xcc-slavi-narozeniny/
  Scraping: /nase-regulace-xcc-slavi-narozeniny/
  ⚠ Already exists, skipping

[165/358] Processing: /nase-tepelna-cerpadla-mame-skladem/
  Scraping: /nase-tepelna-cerpadla-mame-skladem/
  ⚠ Already exists, skipping

[166/358] Processing: /natocili-jsme-dalsiho-loskutaka/
  Scraping: /natocili-jsme-dalsiho-loskutaka/
  ⚠ Already exists, skipping

[167/358] Processing: /navod-na-spravny-navrh-tepelnych-cerpadel-cast-1-/
  Scraping: /navod-na-spravny-navrh-tepelnych-cerpadel-cast-1-/
  ⚠ Already exists, skipping

[168/358] Processing: /navod-na-spravny-navrh-tepelnych-cerpadel-cast-2-/
  Scraping: /navod-na-spravny-navrh-tepelnych-cerpadel-cast-2-/
  ⚠ Already exists, skipping

[169/358] Processing: /navod-na-spravny-navrh-tepelnych-cerpadel-cast-3-/
  Scraping: /navod-na-spravny-navrh-tepelnych-cerpadel-cast-3-/
  ⚠ Already exists, skipping

[170/358] Processing: /navstivte-nas-na-veletrhu-for-arch-2020/
  Scraping: /navstivte-nas-na-veletrhu-for-arch-2020/
  ⚠ Already exists, skipping

[171/358] Processing: /navstivte-nas-na-veletrhu-for-arch-2022/
  Scraping: /navstivte-nas-na-veletrhu-for-arch-2022/
  ⚠ Already exists, skipping

[172/358] Processing: /navstivte-nas-na-veletrhu-forarch-2017/
  Scraping: /navstivte-nas-na-veletrhu-forarch-2017/
  ⚠ Already exists, skipping

[173/358] Processing: /navstivte-nas-na-veletrhu-moderni-vytapeni-2018/
  Scraping: /navstivte-nas-na-veletrhu-moderni-vytapeni-2018/
  ⚠ Already exists, skipping

[174/358] Processing: /navysili-jsme-kapacitu-vyroby-a-montazi/
  Scraping: /navysili-jsme-kapacitu-vyroby-a-montazi/
  ⚠ Already exists, skipping

[175/358] Processing: /nebojte-se-topit-efektivne-a-ekologicky-/
  Scraping: /nebojte-se-topit-efektivne-a-ekologicky-/
  ⚠ Already exists, skipping

[176/358] Processing: /necekejte-na-zimu-dotace-na-tepelne-cerpadlo-pro-nizkoprijmove-domacnosti-az-150-000-kc/
  Scraping: /necekejte-na-zimu-dotace-na-tepelne-cerpadlo-pro-nizkoprijmove-domacnosti-az-150-000-kc/
  ⚠ Already exists, skipping

[177/358] Processing: /nedosahli-jste-na-dotaci-pomuzeme-vam/
  Scraping: /nedosahli-jste-na-dotaci-pomuzeme-vam/
  ⚠ Already exists, skipping

[178/358] Processing: /nejuspornejsi-tepelna-cerpadla-v-kotlikove-dotaci/
  Scraping: /nejuspornejsi-tepelna-cerpadla-v-kotlikove-dotaci/
  ⚠ Already exists, skipping

[179/358] Processing: /nova-zelena-usporam/
  Scraping: /nova-zelena-usporam/
  ⚠ Already exists, skipping

[180/358] Processing: /nova-zelena-usporam-aneb-vyhnete-se-zdrazeni-tepla-vlastnim-zdrojem/
  Scraping: /nova-zelena-usporam-aneb-vyhnete-se-zdrazeni-tepla-vlastnim-zdrojem/
  ⚠ Already exists, skipping

[181/358] Processing: /nove-podminky-nzu-dotace-na-tepelne-cerpadlo/
  Scraping: /nove-podminky-nzu-dotace-na-tepelne-cerpadlo/
  ⚠ Already exists, skipping

[182/358] Processing: /novinka-v-nasem-showroomu/
  Scraping: /novinka-v-nasem-showroomu/
  ⚠ Already exists, skipping

[183/358] Processing: /novinky/
  Scraping: /novinky/
  ⚠ Already exists, skipping

[184/358] Processing: /novinky-a-zmeny-v-podminkach-kotlikovych-dotaci/
  Scraping: /novinky-a-zmeny-v-podminkach-kotlikovych-dotaci/
  ⚠ Already exists, skipping

[185/358] Processing: /novostavba-s-tepelnym-cerpadlem-convert-aw12-r32-volba-vykonu-a-pohodli-bez-kompromisu/
  Scraping: /novostavba-s-tepelnym-cerpadlem-convert-aw12-r32-volba-vykonu-a-pohodli-bez-kompromisu/
  ⚠ Already exists, skipping

[186/358] Processing: /novostavby/
  Scraping: /novostavby/
  ⚠ Already exists, skipping

[187/358] Processing: /novy-termin-skoleni-pro-topenare/
  Scraping: /novy-termin-skoleni-pro-topenare/
  ⚠ Already exists, skipping

[188/358] Processing: /nzu-fotovoltaicke-systemy/
  Scraping: /nzu-fotovoltaicke-systemy/
  ⚠ Already exists, skipping

[189/358] Processing: /nzu-light/
  Scraping: /nzu-light/
  ⚠ Already exists, skipping

[190/358] Processing: /nzu-nove-podpori-vymenu-plynoveho-kotle-za-tepelne-cerpadlo/
  Scraping: /nzu-nove-podpori-vymenu-plynoveho-kotle-za-tepelne-cerpadlo/
  ⚠ Already exists, skipping

[191/358] Processing: /nzu-tepelna-cerpadla/
  Scraping: /nzu-tepelna-cerpadla/
  ⚠ Already exists, skipping

[192/358] Processing: /o-spolecnosti/
  Scraping: /o-spolecnosti/
  ⚠ Already exists, skipping

[193/358] Processing: /obchodnik-pro-bytove-domy-juniorni-pozice/
  Scraping: /obchodnik-pro-bytove-domy-juniorni-pozice/
  ⚠ Already exists, skipping

[194/358] Processing: /obchodnik-pro-bytove-domy-seniorni-pozice/
  Scraping: /obchodnik-pro-bytove-domy-seniorni-pozice/
  ⚠ Already exists, skipping

[195/358] Processing: /obchodnik-pro-energeticky-servis/
  Scraping: /obchodnik-pro-energeticky-servis/
  ⚠ Already exists, skipping

[196/358] Processing: /old-dotace/
  Scraping: /old-dotace/
  ⚠ Already exists, skipping

[197/358] Processing: /online-prohlidky-tepelneho-cerpadla/
  Scraping: /online-prohlidky-tepelneho-cerpadla/
  ⚠ Already exists, skipping

[198/358] Processing: /oprav-dum-po-babicce/
  Scraping: /oprav-dum-po-babicce/
  ⚠ Already exists, skipping

[199/358] Processing: /ovladani-tepelneho-cerpadla-na-dalku/
  Scraping: /ovladani-tepelneho-cerpadla-na-dalku/
  ⚠ Already exists, skipping

[200/358] Processing: /ovladejte-teplo-v-dome-snadno-a-jednoduse/
  Scraping: /ovladejte-teplo-v-dome-snadno-a-jednoduse/
  ⚠ Already exists, skipping

[201/358] Processing: /panelak-v-brne-setri-519-799-kc-rocne-jak-toho-dosahli-/
  Scraping: /panelak-v-brne-setri-519-799-kc-rocne-jak-toho-dosahli-/
  ⚠ Already exists, skipping

[202/358] Processing: /planovane-akce-na-cerven/
  Scraping: /planovane-akce-na-cerven/
  ⚠ Already exists, skipping

[203/358] Processing: /plynovy-kotel-dosluhuje/
  Scraping: /plynovy-kotel-dosluhuje/
  ⚠ Already exists, skipping

[204/358] Processing: /podminky-programu-nova-zelena-usporam-se-meni/
  Scraping: /podminky-programu-nova-zelena-usporam-se-meni/
  ⚠ Already exists, skipping

[205/358] Processing: /podpora-fotovoltaickych-elektraren-na-podnikatelskych-budovach/
  Scraping: /podpora-fotovoltaickych-elektraren-na-podnikatelskych-budovach/
  ⚠ Already exists, skipping

[206/358] Processing: /podzimni-prohlidky-vlastni-kotelny/
  Scraping: /podzimni-prohlidky-vlastni-kotelny/
  ⚠ Already exists, skipping

[207/358] Processing: /podzimni-veletrh-v-plzni/
  Scraping: /podzimni-veletrh-v-plzni/
  ⚠ Already exists, skipping

[208/358] Processing: /poj-te-s-nami-podivat-na-montaz-tepelneho-cerpadla/
  Scraping: /poj-te-s-nami-podivat-na-montaz-tepelneho-cerpadla/
  ⚠ Already exists, skipping

[209/358] Processing: /posledni-slavnostni-predani-v-letosnim-roce-na-bytovem-dome-ceneticka-v-praze/
  Scraping: /posledni-slavnostni-predani-v-letosnim-roce-na-bytovem-dome-ceneticka-v-praze/
  ⚠ Already exists, skipping

[210/358] Processing: /pozvali-nas-do-poradu-rady-ptaka-loskutaka/
  Scraping: /pozvali-nas-do-poradu-rady-ptaka-loskutaka/
  ⚠ Already exists, skipping

[211/358] Processing: /pozvali-nas-do-poradu-rady-ptaka-loskutaka2/
  Scraping: /pozvali-nas-do-poradu-rady-ptaka-loskutaka2/
  ⚠ Already exists, skipping

[212/358] Processing: /pozvanka-na-posledni-slavnostni-predani-v-tomto-roce/
  Scraping: /pozvanka-na-posledni-slavnostni-predani-v-tomto-roce/
  ⚠ Already exists, skipping

[213/358] Processing: /pozvanka-na-prvni-slavnostni-predani-tohoto-roku/
  Scraping: /pozvanka-na-prvni-slavnostni-predani-tohoto-roku/
  ⚠ Already exists, skipping

[214/358] Processing: /pozvanka-na-slavnostni-predani/
  Scraping: /pozvanka-na-slavnostni-predani/
  ⚠ Already exists, skipping

[215/358] Processing: /predani-vlastni-kotelny-na-bytovem-dome/
  Scraping: /predani-vlastni-kotelny-na-bytovem-dome/
  ⚠ Already exists, skipping

[216/358] Processing: /prednaska-na-tema-quot-tepelna-cerpadla-a-fve-pro-bytove-domy-quot-/
  Scraping: /prednaska-na-tema-quot-tepelna-cerpadla-a-fve-pro-bytove-domy-quot-/
  ⚠ Already exists, skipping

[217/358] Processing: /prednaska-na-tema-zmeny-ve-vytapeni-bytovych-domu-/
  Scraping: /prednaska-na-tema-zmeny-ve-vytapeni-bytovych-domu-/
  ⚠ Already exists, skipping

[218/358] Processing: /predstavili-jsme-novy-monoblok-convert-ng-one/
  Scraping: /predstavili-jsme-novy-monoblok-convert-ng-one/
  ⚠ Already exists, skipping

[219/358] Processing: /prechod-na-noveho-poskytovatele-mailovych-sluzeb/
  Scraping: /prechod-na-noveho-poskytovatele-mailovych-sluzeb/
  ⚠ Already exists, skipping

[220/358] Processing: /prejdete-na-tepelna-cerpadla/
  Scraping: /prejdete-na-tepelna-cerpadla/
  ⚠ Already exists, skipping

[221/358] Processing: /prejeme-teplo-a-pohodu-v-roce-2021/
  Scraping: /prejeme-teplo-a-pohodu-v-roce-2021/
  ⚠ Already exists, skipping

[222/358] Processing: /prejeme-vam-teplo-a-pohodu-v-novem-roce-2023/
  Scraping: /prejeme-vam-teplo-a-pohodu-v-novem-roce-2023/
  ⚠ Already exists, skipping

[223/358] Processing: /prekvapiva-cisla-jaka-je-doopravdy-prumerna-spotreba-elektriny-rodinneho-domu-/
  Scraping: /prekvapiva-cisla-jaka-je-doopravdy-prumerna-spotreba-elektriny-rodinneho-domu-/
  ⚠ Already exists, skipping

[224/358] Processing: /prij-te-siprohlednout-nas-showroom-aneb-u-nas-se-dvere-netrhnou/
  Scraping: /prij-te-siprohlednout-nas-showroom-aneb-u-nas-se-dvere-netrhnou/
  ⚠ Already exists, skipping

[225/358] Processing: /priprava-na-topnou-sez-nu-s-tepelnym-cerpadlem/
  Scraping: /priprava-na-topnou-sez-nu-s-tepelnym-cerpadlem/
  ⚠ Already exists, skipping

[226/358] Processing: /priprava-na-topnou-sezonu/
  Scraping: /priprava-na-topnou-sezonu/
  ⚠ Already exists, skipping

[227/358] Processing: /pripravili-jsme-dalsi-prohlidkove-dny-na-panelaku-s-tepelnymi-cerpadly/
  Scraping: /pripravili-jsme-dalsi-prohlidkove-dny-na-panelaku-s-tepelnymi-cerpadly/
  ⚠ Already exists, skipping

[228/358] Processing: /pripravit-studii-uspor-pro-bytovy-dum/
  Scraping: /pripravit-studii-uspor-pro-bytovy-dum/
  ⚠ Already exists, skipping

[229/358] Processing: /pripravte-se-na-topnou-sezonu-jiz-te-/
  Scraping: /pripravte-se-na-topnou-sezonu-jiz-te-/
  ⚠ Already exists, skipping

[230/358] Processing: /pripravujeme-veletrzni-expozici-na-veletrh-for-arch/
  Scraping: /pripravujeme-veletrzni-expozici-na-veletrh-for-arch/
  ⚠ Already exists, skipping

[231/358] Processing: /problematika-teplovzdusneho-vytapeni/
  Scraping: /problematika-teplovzdusneho-vytapeni/
  ⚠ Already exists, skipping

[232/358] Processing: /program-cista-energie-praha-2022-2023/
  Scraping: /program-cista-energie-praha-2022-2023/
  ⚠ Already exists, skipping

[233/358] Processing: /program-cista-energie-praha-2024-2025/
  Scraping: /program-cista-energie-praha-2024-2025/
  ⚠ Already exists, skipping

[234/358] Processing: /prohlidka-bytoveho-domu-s-tepelnymi-cerpadly/
  Scraping: /prohlidka-bytoveho-domu-s-tepelnymi-cerpadly/
  ⚠ Already exists, skipping

[235/358] Processing: /prohlidka-kotelny-bytoveho-domu-v-sokolove/
  Scraping: /prohlidka-kotelny-bytoveho-domu-v-sokolove/
  ⚠ Already exists, skipping

[236/358] Processing: /prohlidka-vlastni-kotelny-na-bytovem-dome-v-decine/
  Scraping: /prohlidka-vlastni-kotelny-na-bytovem-dome-v-decine/
  ⚠ Already exists, skipping

[237/358] Processing: /prohlidkove-dny-na-panelaku-v-praze/
  Scraping: /prohlidkove-dny-na-panelaku-v-praze/
  ⚠ Already exists, skipping

[238/358] Processing: /prohlidkovy-den-na-bytovem-dome-v-laudove-ulici-aneb-uspory-v-primem-prenosu-/
  Scraping: /prohlidkovy-den-na-bytovem-dome-v-laudove-ulici-aneb-uspory-v-primem-prenosu-/
  ⚠ Already exists, skipping

[239/358] Processing: /prubeh-zakazky/
  Scraping: /prubeh-zakazky/
  ⚠ Already exists, skipping

[240/358] Processing: /prubeh-zakazky-bytove-domy/
  Scraping: /prubeh-zakazky-bytove-domy/
  ⚠ Already exists, skipping

[241/358] Processing: /pruvodce-vyberem/
  Scraping: /pruvodce-vyberem/
  ⚠ Already exists, skipping

[242/358] Processing: /prvni-letosni-slavnostni-predani-vlastni-kotelny-v-rokycanech/
  Scraping: /prvni-letosni-slavnostni-predani-vlastni-kotelny-v-rokycanech/
  ⚠ Already exists, skipping

[243/358] Processing: /prvni-slavnostni-predani-v-letosnim-roce/
  Scraping: /prvni-slavnostni-predani-v-letosnim-roce/
  ⚠ Already exists, skipping

[244/358] Processing: /realizujeme-vytapeni-dalsiho-bytoveho-domu/
  Scraping: /realizujeme-vytapeni-dalsiho-bytoveho-domu/
  ⚠ Already exists, skipping

[245/358] Processing: /reference/
  Scraping: /reference/
  ⚠ Already exists, skipping

[246/358] Processing: /regulace-xcc/
  Scraping: /regulace-xcc/
  ⚠ Already exists, skipping

[247/358] Processing: /regulace-xcc-vic-nez-jen-regulace/
  Scraping: /regulace-xcc-vic-nez-jen-regulace/
  ⚠ Already exists, skipping

[248/358] Processing: /rekonstrukce/
  Scraping: /rekonstrukce/
  ⚠ Already exists, skipping

[249/358] Processing: /reportaz-s-nasim-ertakem/
  Scraping: /reportaz-s-nasim-ertakem/
  ⚠ Already exists, skipping

[250/358] Processing: /reportaz-z-bytoveho-domu-letovska-v-praze/
  Scraping: /reportaz-z-bytoveho-domu-letovska-v-praze/
  ⚠ Already exists, skipping

[251/358] Processing: /reportaz-z-bytoveho-domu-v-beroune/
  Scraping: /reportaz-z-bytoveho-domu-v-beroune/
  ⚠ Already exists, skipping

[252/358] Processing: /reportaz-z-novostavby-topeni-a-chlazeni/
  Scraping: /reportaz-z-novostavby-topeni-a-chlazeni/
  ⚠ Already exists, skipping

[253/358] Processing: /reportaz-z-panelaku-v-kladne/
  Scraping: /reportaz-z-panelaku-v-kladne/
  ⚠ Already exists, skipping

[254/358] Processing: /reportaz-z-panelaku-v-praze/
  Scraping: /reportaz-z-panelaku-v-praze/
  ⚠ Already exists, skipping

[255/358] Processing: /reportaz-z-rodinneho-domu/
  Scraping: /reportaz-z-rodinneho-domu/
  ⚠ Already exists, skipping

[256/358] Processing: /reseni-pro-pasivni-a-nizkoenergeticke-domy/
  Scraping: /reseni-pro-pasivni-a-nizkoenergeticke-domy/
  ⚠ Already exists, skipping

[257/358] Processing: /rocni-uspory-na-rodinnem-dome-s-tepelnym-cerpadlem/
  Scraping: /rocni-uspory-na-rodinnem-dome-s-tepelnym-cerpadlem/
  ⚠ Already exists, skipping

[258/358] Processing: /rodinna-firma-roku-2020-1-misto/
  Scraping: /rodinna-firma-roku-2020-1-misto/
  ⚠ Already exists, skipping

[259/358] Processing: /rodinny-dum-s-tepelnym-cerpadlem-priklad-instalace/
  Scraping: /rodinny-dum-s-tepelnym-cerpadlem-priklad-instalace/
  ⚠ Already exists, skipping

[260/358] Processing: /rok-2021-a-kotlikove-dotace/
  Scraping: /rok-2021-a-kotlikove-dotace/
  ⚠ Already exists, skipping

[261/358] Processing: /rosteme-a-hledame-nove-kolegy/
  Scraping: /rosteme-a-hledame-nove-kolegy/
  ⚠ Already exists, skipping

[262/358] Processing: /rosteme-a-hledame-posilu-do-naseho-tymu/
  Scraping: /rosteme-a-hledame-posilu-do-naseho-tymu/
  ⚠ Already exists, skipping

[263/358] Processing: /rozhovor-o-energetice/
  Scraping: /rozhovor-o-energetice/
  ⚠ Already exists, skipping

[264/358] Processing: /rozsirujeme-nas-realizacni-tym/
  Scraping: /rozsirujeme-nas-realizacni-tym/
  ⚠ Already exists, skipping

[265/358] Processing: /s-nam-se-v-roce-2024-neztratite/
  Scraping: /s-nam-se-v-roce-2024-neztratite/
  ⚠ Already exists, skipping

[266/358] Processing: /servis-a-technicka-podpora/
  Scraping: /servis-a-technicka-podpora/
  ⚠ Already exists, skipping

[267/358] Processing: /skoleni-a-pivo-na-hotelu-rohanov/
  Scraping: /skoleni-a-pivo-na-hotelu-rohanov/
  ⚠ Already exists, skipping

[268/358] Processing: /skoleni-pro-topenare/
  Scraping: /skoleni-pro-topenare/
  ⚠ Already exists, skipping

[269/358] Processing: /skoleni-topenaru-a-projektantu-v-nasem-showroomu-v-letkove-/
  Scraping: /skoleni-topenaru-a-projektantu-v-nasem-showroomu-v-letkove-/
  ⚠ Already exists, skipping

[270/358] Processing: /slavnostni-predani-bd-hudeckova-1091-1092-praha/
  Scraping: /slavnostni-predani-bd-hudeckova-1091-1092-praha/
  ⚠ Already exists, skipping

[271/358] Processing: /slavnostni-predani-bd-mlynska-zlutice/
  Scraping: /slavnostni-predani-bd-mlynska-zlutice/
  ⚠ Already exists, skipping

[272/358] Processing: /slavnostni-predani-na-bytovem-dome-v-karlovych-varech/
  Scraping: /slavnostni-predani-na-bytovem-dome-v-karlovych-varech/
  ⚠ Already exists, skipping

[273/358] Processing: /slavnostni-predani-na-bytovem-dome-v-praze/
  Scraping: /slavnostni-predani-na-bytovem-dome-v-praze/
  ⚠ Already exists, skipping

[274/358] Processing: /slavnostni-predani-na-bytovem-dome-ve-starem-plzenci/
  Scraping: /slavnostni-predani-na-bytovem-dome-ve-starem-plzenci/
  ⚠ Already exists, skipping

[275/358] Processing: /slavnostni-predani-opet-ve-slanem/
  Scraping: /slavnostni-predani-opet-ve-slanem/
  ⚠ Already exists, skipping

[276/358] Processing: /slavnostni-predani-vlastni-kotelny-na-bytovem-dome/
  Scraping: /slavnostni-predani-vlastni-kotelny-na-bytovem-dome/
  ⚠ Already exists, skipping

[277/358] Processing: /slavnostni-predani-vlastni-kotelny-na-bytovem-dome-praze/
  Scraping: /slavnostni-predani-vlastni-kotelny-na-bytovem-dome-praze/
  ⚠ Already exists, skipping

[278/358] Processing: /slavnostni-predani-vlastni-kotelny-na-bytovem-dome-v-decine/
  Scraping: /slavnostni-predani-vlastni-kotelny-na-bytovem-dome-v-decine/
  ⚠ Already exists, skipping

[279/358] Processing: /slavnostni-predani-vlastni-kotelny-na-bytovem-dome-v-milevsku/
  Scraping: /slavnostni-predani-vlastni-kotelny-na-bytovem-dome-v-milevsku/
  ⚠ Already exists, skipping

[280/358] Processing: /slavnostni-predani-vlastni-kotelny-na-bytovych-domech/
  Scraping: /slavnostni-predani-vlastni-kotelny-na-bytovych-domech/
  ⚠ Already exists, skipping

[281/358] Processing: /slavnostni-predani-vlastni-kotelny-na-panelovem-dome/
  Scraping: /slavnostni-predani-vlastni-kotelny-na-panelovem-dome/
  ⚠ Already exists, skipping

[282/358] Processing: /slavnostni-predani-vlastni-kotelny-s-tepelnymi-cerpadly-v-praze/
  Scraping: /slavnostni-predani-vlastni-kotelny-s-tepelnymi-cerpadly-v-praze/
  ⚠ Already exists, skipping

[283/358] Processing: /slavnostni-predani-vlastni-kotelny-v-plzni/
  Scraping: /slavnostni-predani-vlastni-kotelny-v-plzni/
  ⚠ Already exists, skipping

[284/358] Processing: /sluzba-ac-connectivity/
  Scraping: /sluzba-ac-connectivity/
  ⚠ Already exists, skipping

[285/358] Processing: /sluzby/
  Scraping: /sluzby/
  ⚠ Already exists, skipping

[286/358] Processing: /snadne-ovladani/
  Scraping: /snadne-ovladani/
  ⚠ Already exists, skipping

[287/358] Processing: /snizeni-energeticke-narocnosti-verejnych-budov/
  Scraping: /snizeni-energeticke-narocnosti-verejnych-budov/
  ⚠ Already exists, skipping

[288/358] Processing: /solarni-system-na-chatu-tohle-je-nejvetsi-rozdil-ktery-vetsina-lidi-prehlizi/
  Scraping: /solarni-system-na-chatu-tohle-je-nejvetsi-rozdil-ktery-vetsina-lidi-prehlizi/
  ⚠ Already exists, skipping

[289/358] Processing: /soucinnost-tepelneho-cerpadla-s-fotovoltaickou-elektrarnou/
  Scraping: /soucinnost-tepelneho-cerpadla-s-fotovoltaickou-elektrarnou/
  ⚠ Already exists, skipping

[290/358] Processing: /specialista-pro-tepelna-cerpadla-a-fve-pro-rodinne-domy/
  Scraping: /specialista-pro-tepelna-cerpadla-a-fve-pro-rodinne-domy/
  ⚠ Already exists, skipping

[291/358] Processing: /spojeni-tepelneho-cerpadla-a-fotovoltaiky/
  Scraping: /spojeni-tepelneho-cerpadla-a-fotovoltaiky/
  ⚠ Already exists, skipping

[292/358] Processing: /spoluprace-projektant-ut-dodavatel-tepelneho-cerpadla-je-zaklad/
  Scraping: /spoluprace-projektant-ut-dodavatel-tepelneho-cerpadla-je-zaklad/
  ⚠ Already exists, skipping

[293/358] Processing: /spravny-navrh-tepelnych-cerpadel-na-bytovem-dome/
  Scraping: /spravny-navrh-tepelnych-cerpadel-na-bytovem-dome/
  ⚠ Already exists, skipping

[294/358] Processing: /stavim-novostavbu/
  Scraping: /stavim-novostavbu/
  ⚠ Already exists, skipping

[295/358] Processing: /tepelna-cerpadla/
  Scraping: /tepelna-cerpadla/
  ⚠ Already exists, skipping

[296/358] Processing: /tepelna-cerpadla-a-fotovoltaika/
  Scraping: /tepelna-cerpadla-a-fotovoltaika/
  ⚠ Already exists, skipping

[297/358] Processing: /tepelna-cerpadla-a-kotlikove-dotace-jake-mate-moznosti-/
  Scraping: /tepelna-cerpadla-a-kotlikove-dotace-jake-mate-moznosti-/
  ⚠ Already exists, skipping

[298/358] Processing: /tepelna-cerpadla-ac-heating-inovace-v-ucinnosti-pro-vas-domov/
  Scraping: /tepelna-cerpadla-ac-heating-inovace-v-ucinnosti-pro-vas-domov/
  ⚠ Already exists, skipping

[299/358] Processing: /tepelna-cerpadla-ac-heating-nove-spolupracuji-s-loxone/
  Scraping: /tepelna-cerpadla-ac-heating-nove-spolupracuji-s-loxone/
  ⚠ Already exists, skipping

[300/358] Processing: /tepelna-cerpadla-jsou-diky-kotlikovym-dotacim-dostupnejsi/
  Scraping: /tepelna-cerpadla-jsou-diky-kotlikovym-dotacim-dostupnejsi/
  ⚠ Already exists, skipping

[301/358] Processing: /tepelna-cerpadla-na-bytovem-dome/
  Scraping: /tepelna-cerpadla-na-bytovem-dome/
  ⚠ Already exists, skipping

[302/358] Processing: /tepelna-cerpadla-na-bytovem-dome-faq/
  Scraping: /tepelna-cerpadla-na-bytovem-dome-faq/
  ⚠ Already exists, skipping

[303/358] Processing: /tepelna-cerpadla-na-bytovych-domech/
  Scraping: /tepelna-cerpadla-na-bytovych-domech/
  ⚠ Already exists, skipping

[304/358] Processing: /tepelna-cerpadla-osvedceny-zdroj-levneho-tepla/
  Scraping: /tepelna-cerpadla-osvedceny-zdroj-levneho-tepla/
  ⚠ Already exists, skipping

[305/358] Processing: /tepelne-cerpadlo-ac-heating-s-novou-vnitrni-jednotkou/
  Scraping: /tepelne-cerpadlo-ac-heating-s-novou-vnitrni-jednotkou/
  ⚠ Already exists, skipping

[306/358] Processing: /tepelne-cerpadlo-convert-ng-ziskava-svetove-oceneni-good-design-/
  Scraping: /tepelne-cerpadlo-convert-ng-ziskava-svetove-oceneni-good-design-/
  ⚠ Already exists, skipping

[307/358] Processing: /tepelne-cerpadlo-investice-ktera-setri/
  Scraping: /tepelne-cerpadlo-investice-ktera-setri/
  ⚠ Already exists, skipping

[308/358] Processing: /tepelne-cerpadlo-na-vlastni-kuzi/
  Scraping: /tepelne-cerpadlo-na-vlastni-kuzi/
  ⚠ Already exists, skipping

[309/358] Processing: /tepelne-cerpadlo-pro-bytove-domy/
  Scraping: /tepelne-cerpadlo-pro-bytove-domy/
  ⚠ Already exists, skipping

[310/358] Processing: /tepelne-cerpadlo-pro-komerecni-a-verejne-objekty/
  Scraping: /tepelne-cerpadlo-pro-komerecni-a-verejne-objekty/
  ⚠ Already exists, skipping

[311/358] Processing: /tepelne-cerpadlo-pro-rodinne-domy/
  Scraping: /tepelne-cerpadlo-pro-rodinne-domy/
  ⚠ Already exists, skipping

[312/358] Processing: /tepelne-cerpadlo-v-projektu-domu/
  Scraping: /tepelne-cerpadlo-v-projektu-domu/
  ⚠ Already exists, skipping

[313/358] Processing: /tepelne-cerpadlo-vybirejte-v-lete/
  Scraping: /tepelne-cerpadlo-vybirejte-v-lete/
  ⚠ Already exists, skipping

[314/358] Processing: /tepelny-komfort-s-tepelnym-cerpadlem-na-bytovem-dome/
  Scraping: /tepelny-komfort-s-tepelnym-cerpadlem-na-bytovem-dome/
  ⚠ Already exists, skipping

[315/358] Processing: /teplarny-kontra-lokalni-zdroje-tepla/
  Scraping: /teplarny-kontra-lokalni-zdroje-tepla/
  ⚠ Already exists, skipping

[316/358] Processing: /teplo-a-pohoda-i-v-roce-2022/
  Scraping: /teplo-a-pohoda-i-v-roce-2022/
  ⚠ Already exists, skipping

[317/358] Processing: /terminy-kotlikovych-dotaci-2019-se-blizi/
  Scraping: /terminy-kotlikovych-dotaci-2019-se-blizi/
  ⚠ Already exists, skipping

[318/358] Processing: /topeni-a-chlazeni-v-jednom-za-jedny-penize/
  Scraping: /topeni-a-chlazeni-v-jednom-za-jedny-penize/
  ⚠ Already exists, skipping

[319/358] Processing: /topeniichlazeni/
  Scraping: /topeniichlazeni/
  ⚠ Already exists, skipping

[320/358] Processing: /udrzba-topne-soustavy/
  Scraping: /udrzba-topne-soustavy/
  ⚠ Already exists, skipping

[321/358] Processing: /uhlobaroni-kontra-nezavisle-vytapeni-bytovych-domu/
  Scraping: /uhlobaroni-kontra-nezavisle-vytapeni-bytovych-domu/
  ⚠ Already exists, skipping

[322/358] Processing: /uspora-energii-a-pohodli-s-tepelnymi-cerpadly-od-ac-heating/
  Scraping: /uspora-energii-a-pohodli-s-tepelnymi-cerpadly-od-ac-heating/
  ⚠ Already exists, skipping

[323/358] Processing: /v-dubnu-nas-ceka-poradna-davka-akci-kde-se-muzeme-potkat-/
  Scraping: /v-dubnu-nas-ceka-poradna-davka-akci-kde-se-muzeme-potkat-/
  ⚠ Already exists, skipping

[324/358] Processing: /v-praze-prestanou-lide-topit-uhlim-jiz-pristi-rok/
  Scraping: /v-praze-prestanou-lide-topit-uhlim-jiz-pristi-rok/
  ⚠ Already exists, skipping

[325/358] Processing: /v-zime-teplo-v-lete-chladek/
  Scraping: /v-zime-teplo-v-lete-chladek/
  ⚠ Already exists, skipping

[326/358] Processing: /ve-strednich-cechach-muzete-zadat-o-kotlikovku-do-pulky-brezna/
  Scraping: /ve-strednich-cechach-muzete-zadat-o-kotlikovku-do-pulky-brezna/
  ⚠ Already exists, skipping

[327/358] Processing: /veletrh-for-arch-2023-se-blizi-/
  Scraping: /veletrh-for-arch-2023-se-blizi-/
  ⚠ Already exists, skipping

[328/358] Processing: /vite-ze-se-muzete-odpojit-od-teplarny-a-mit-topeni-za-provozni-naklady-/
  Scraping: /vite-ze-se-muzete-odpojit-od-teplarny-a-mit-topeni-za-provozni-naklady-/
  ⚠ Already exists, skipping

[329/358] Processing: /vlastni-kotelna-s-tepelnymi-cerpadly-na-bytovem-dome/
  Scraping: /vlastni-kotelna-s-tepelnymi-cerpadly-na-bytovem-dome/
  ⚠ Already exists, skipping

[330/358] Processing: /vybirate-tepelne-cerpadlo-do-domu-/
  Scraping: /vybirate-tepelne-cerpadlo-do-domu-/
  ⚠ Already exists, skipping

[331/358] Processing: /vyhlaseni-firmy-roku-2016-ceske-republiky/
  Scraping: /vyhlaseni-firmy-roku-2016-ceske-republiky/
  ⚠ Already exists, skipping

[332/358] Processing: /vyhodnoceni-topne-sezony-2019-v-panelovem-dome-v-praze/
  Scraping: /vyhodnoceni-topne-sezony-2019-v-panelovem-dome-v-praze/
  ⚠ Already exists, skipping

[333/358] Processing: /vyhody-topneho-zdroje-s-tepelnymi-cerpadly-na-bytovych-domech/
  Scraping: /vyhody-topneho-zdroje-s-tepelnymi-cerpadly-na-bytovych-domech/
  ⚠ Already exists, skipping

[334/358] Processing: /vychytavky/
  Scraping: /vychytavky/
  ⚠ Already exists, skipping

[335/358] Processing: /vyjadreni-k-situaci-na-kladne/
  Scraping: /vyjadreni-k-situaci-na-kladne/
  ⚠ Already exists, skipping

[336/358] Processing: /vyje-te-s-nami-do-noveho-roku-2025/
  Scraping: /vyje-te-s-nami-do-noveho-roku-2025/
  ⚠ Already exists, skipping

[337/358] Processing: /vymena-stareho-plynoveho-kotle-za-novy-s-dotaci/
  Scraping: /vymena-stareho-plynoveho-kotle-za-novy-s-dotaci/
  ⚠ Already exists, skipping

[338/358] Processing: /vymenit-stary-kotel-za-tepelne-cerpadlo-a-ziskat-az-127-500-kc-v-plzni-liberci-ci-praze-jeste-muzete-/
  Scraping: /vymenit-stary-kotel-za-tepelne-cerpadlo-a-ziskat-az-127-500-kc-v-plzni-liberci-ci-praze-jeste-muzete-/
  ⚠ Already exists, skipping

[339/358] Processing: /vymente-svuj-stary-kotel-za-tepelne-cerpadlo/
  Scraping: /vymente-svuj-stary-kotel-za-tepelne-cerpadlo/
  ⚠ Already exists, skipping

[340/358] Processing: /vystavujeme-na-veletrhu-for-arch-2024/
  Scraping: /vystavujeme-na-veletrhu-for-arch-2024/
  ⚠ Already exists, skipping

[341/358] Processing: /vystavujeme-na-veletrhu-for-pasiv/
  Scraping: /vystavujeme-na-veletrhu-for-pasiv/
  ⚠ Already exists, skipping

[342/358] Processing: /vystavujeme-na-veletrhu-for-pasiv-2019/
  Scraping: /vystavujeme-na-veletrhu-for-pasiv-2019/
  ⚠ Already exists, skipping

[343/358] Processing: /vystavujeme-na-veletrhu-for-pasiv-2020/
  Scraping: /vystavujeme-na-veletrhu-for-pasiv-2020/
  ⚠ Already exists, skipping

[344/358] Processing: /vystavujeme-na-veletrhu-forarch-2018/
  Scraping: /vystavujeme-na-veletrhu-forarch-2018/
  ⚠ Already exists, skipping

[345/358] Processing: /vytapeni-bytovych-domu-tepelnymi-cerpadly-je-spravna-cesta/
  Scraping: /vytapeni-bytovych-domu-tepelnymi-cerpadly-je-spravna-cesta/
  ⚠ Already exists, skipping

[346/358] Processing: /vytapeni-do-domu-pro-stavajici-topne-systemy-i-pro-novostavby/
  Scraping: /vytapeni-do-domu-pro-stavajici-topne-systemy-i-pro-novostavby/
  ⚠ Already exists, skipping

[347/358] Processing: /vytapeni-novostavby/
  Scraping: /vytapeni-novostavby/
  ⚠ Already exists, skipping

[348/358] Processing: /vyuzijte-dotaci-na-tepelne-cerpadlo/
  Scraping: /vyuzijte-dotaci-na-tepelne-cerpadlo/
  ⚠ Already exists, skipping

[349/358] Processing: /vyvojovy-mechanik/
  Scraping: /vyvojovy-mechanik/
  ⚠ Already exists, skipping

[350/358] Processing: /vyvojovy-specialista/
  Scraping: /vyvojovy-specialista/
  ⚠ Already exists, skipping

[351/358] Processing: /webinar-s-ac-heating/
  Scraping: /webinar-s-ac-heating/
  ⚠ Already exists, skipping

[352/358] Processing: /zakazka-na-klic/
  Scraping: /zakazka-na-klic/
  ⚠ Already exists, skipping

[353/358] Processing: /zaruka-je-v-projektu/
  Scraping: /zaruka-je-v-projektu/
  ⚠ Already exists, skipping

[354/358] Processing: /zasady-ochrany-osobnich-udaju/
  Scraping: /zasady-ochrany-osobnich-udaju/
  ⚠ Already exists, skipping

[355/358] Processing: /ziskej-bonus-10-000-kc/
  Scraping: /ziskej-bonus-10-000-kc/
  ⚠ Already exists, skipping

[356/358] Processing: /zmeny-v-dotacich-nova-zelena-usporam-v-programu-nzu-light-od-1-2-2025/
  Scraping: /zmeny-v-dotacich-nova-zelena-usporam-v-programu-nzu-light-od-1-2-2025/
  ⚠ Already exists, skipping

[357/358] Processing: /zmeny-v-dotacich-od-1-zari-2024/
  Scraping: /zmeny-v-dotacich-od-1-zari-2024/
  ⚠ Already exists, skipping

[358/358] Processing: /zmeny-v-dotacnim-programu-nzu-pro-fotovoltaiku/
  Scraping: /zmeny-v-dotacnim-programu-nzu-pro-fotovoltaiku/
  ⚠ Already exists, skipping
✓ Blog posts migrated

🏷️  Step 4: Migrating products...

[1/28] Processing product: /produkty/
  Scraping: /produkty/
  ⚠ Already exists, skipping

[2/28] Processing product: /produkty/tepelne-cerpadlo-convert-aw9/
  Scraping: /produkty/tepelne-cerpadlo-convert-aw9/
  ⚠ Already exists, skipping

[3/28] Processing product: /produkty/tepelne-cerpadlo-convert-aw12/
  Scraping: /produkty/tepelne-cerpadlo-convert-aw12/
  ⚠ Already exists, skipping

[4/28] Processing product: /produkty/tepelne-cerpadlo-convert-aw14/
  Scraping: /produkty/tepelne-cerpadlo-convert-aw14/
  ⚠ Already exists, skipping

[5/28] Processing product: /produkty/tepelne-cerpadlo-convert-aw19-3p/
  Scraping: /produkty/tepelne-cerpadlo-convert-aw19-3p/
  ⚠ Already exists, skipping

[6/28] Processing product: /produkty/tepelne-cerpadlo-convert-aw14-3p/
  Scraping: /produkty/tepelne-cerpadlo-convert-aw14-3p/
  ⚠ Already exists, skipping

[7/28] Processing product: /produkty/tepelne-cerpadlo-convert-aw16/
  Scraping: /produkty/tepelne-cerpadlo-convert-aw16/
  ⚠ Already exists, skipping

[8/28] Processing product: /produkty/tepelne-cerpadlo-convert-aw16-3p/
  Scraping: /produkty/tepelne-cerpadlo-convert-aw16-3p/
  ⚠ Already exists, skipping

[9/28] Processing product: /produkty/tepelne-cerppadlo-convert-aw22-3p/
  Scraping: /produkty/tepelne-cerppadlo-convert-aw22-3p/
  ⚠ Already exists, skipping

[10/28] Processing product: /produkty/tepelne-cerpadlo-convert-aw28-3p/
  Scraping: /produkty/tepelne-cerpadlo-convert-aw28-3p/
  ⚠ Already exists, skipping

[11/28] Processing product: /produkty/tepelne-cerpadlo-convert-aw6/
  Scraping: /produkty/tepelne-cerpadlo-convert-aw6/
  ⚠ Already exists, skipping

[12/28] Processing product: /produkty/tepelne-cerpadlo-convert-aw9/
  Scraping: /produkty/tepelne-cerpadlo-convert-aw9/
  ⚠ Already exists, skipping

[13/28] Processing product: /produkty/tepelne-cerpadlo-convert-aw12/
  Scraping: /produkty/tepelne-cerpadlo-convert-aw12/
  ⚠ Already exists, skipping

[14/28] Processing product: /produkty/tepelne-cerpadlo-convert-aw14/
  Scraping: /produkty/tepelne-cerpadlo-convert-aw14/
  ⚠ Already exists, skipping

[15/28] Processing product: /produkty/tepelne-cerpadlo-convert-aw19-3p/
  Scraping: /produkty/tepelne-cerpadlo-convert-aw19-3p/
  ⚠ Already exists, skipping

[16/28] Processing product: /produkty/tepelne-cerpadlo-convert-aw14-3p/
  Scraping: /produkty/tepelne-cerpadlo-convert-aw14-3p/
  ⚠ Already exists, skipping

[17/28] Processing product: /produkty/tepelne-cerpadlo-convert-aw16/
  Scraping: /produkty/tepelne-cerpadlo-convert-aw16/
  ⚠ Already exists, skipping

[18/28] Processing product: /produkty/tepelne-cerpadlo-convert-aw16-3p/
  Scraping: /produkty/tepelne-cerpadlo-convert-aw16-3p/
  ⚠ Already exists, skipping

[19/28] Processing product: /produkty/tepelne-cerppadlo-convert-aw22-3p/
  Scraping: /produkty/tepelne-cerppadlo-convert-aw22-3p/
  ⚠ Already exists, skipping

[20/28] Processing product: /produkty/tepelne-cerpadlo-convert-aw28-3p/
  Scraping: /produkty/tepelne-cerpadlo-convert-aw28-3p/
  ⚠ Already exists, skipping

[21/28] Processing product: /produkty/tepelne-cerpadlo-convert-aw9-r32/
  Scraping: /produkty/tepelne-cerpadlo-convert-aw9-r32/
  ⚠ Already exists, skipping

[22/28] Processing product: /produkty/tepelne-cerpadlo-convert-aw12-r32/
  Scraping: /produkty/tepelne-cerpadlo-convert-aw12-r32/
  ⚠ Already exists, skipping

[23/28] Processing product: /produkty/tepelne-cerpadlo-convert-aw14-3p-v1/
  Scraping: /produkty/tepelne-cerpadlo-convert-aw14-3p-v1/
  ⚠ Already exists, skipping

[24/28] Processing product: /produkty/tepelne-cerpadlo-convert-aw16-3p-v1/
  Scraping: /produkty/tepelne-cerpadlo-convert-aw16-3p-v1/
  ⚠ Already exists, skipping

[25/28] Processing product: /produkty/tepelne-cerpadlo-convert-aw19-3p-v2/
  Scraping: /produkty/tepelne-cerpadlo-convert-aw19-3p-v2/
  ⚠ Already exists, skipping

[26/28] Processing product: /produkty/convert-ng-one-s/
  Scraping: /produkty/convert-ng-one-s/
  ⚠ Already exists, skipping

[27/28] Processing product: /produkty/convert-ng-one-m/
  Scraping: /produkty/convert-ng-one-m/
  ⚠ Already exists, skipping

[28/28] Processing product: /produkty/convert-ng-one-l/
  Scraping: /produkty/convert-ng-one-l/
  ⚠ Already exists, skipping
✓ Products migrated

📊 Step 5: Generating migration report...

# Migration Report

## Summary
- Blog posts migrated: 358
- Products migrated: 19
- Total: 377

## Next Steps
1. Review migrated content in Supabase Studio
2. Upload images to Supabase Storage
3. Run SEO optimization
4. Test URLs for redirects


✅ Migration completed successfully!
